<?xml version="1.0" encoding="UTF-8"?>
<!-- Generated by org.testng.reporters.JUnitXMLReporter -->
<testsuite ignored="0" hostname="GOPALNAMASIVAYA" failures="0" tests="3" name="Default test" time="79.27" errors="0" timestamp="2020-10-23T23:09:47 IST">
  <testcase classname="com.freecrm.qa.testcases.LoginPageTest" name="imgExistsTest" time="0.357"/>
  <testcase classname="com.freecrm.qa.testcases.LoginPageTest" name="loginPageTitleTest" time="0.043"/>
  <testcase classname="com.freecrm.qa.testcases.LoginPageTest" name="loginTest" time="17.001"/>
</testsuite> <!-- Default test -->
