<?xml version="1.0" encoding="UTF-8"?>
<!-- Generated by org.testng.reporters.JUnitXMLReporter -->
<testsuite ignored="12" hostname="GOPALNAMASIVAYA" failures="0" tests="1" name="Default test" time="44.524" errors="0" timestamp="2020-10-22T21:40:44 IST">
  <testcase classname="com.Hotel.qa.testcases.BookingConfirmationPageTest" name="validateOrderNoConfirmationPage" time="5.214"/>
  <testcase classname="com.Hotel.qa.testcases.BookingConfirmationPageTest" name="validateHotelRoomTypeBConfirmationPage" time="0.0">
    <ignored/>
  </testcase> <!-- validateHotelRoomTypeBConfirmationPage -->
  <testcase classname="com.Hotel.qa.testcases.BookingConfirmationPageTest" name="validateTotalPriceConfirmationPage" time="0.0">
    <ignored/>
  </testcase> <!-- validateTotalPriceConfirmationPage -->
  <testcase classname="com.Hotel.qa.testcases.BookingConfirmationPageTest" name="validatePricepernightConfirmationPage" time="0.0">
    <ignored/>
  </testcase> <!-- validatePricepernightConfirmationPage -->
  <testcase classname="com.Hotel.qa.testcases.BookingConfirmationPageTest" name="validateHotellocaiontinBConfirmationPage" time="0.0">
    <ignored/>
  </testcase> <!-- validateHotellocaiontinBConfirmationPage -->
  <testcase classname="com.Hotel.qa.testcases.BookingConfirmationPageTest" name="validateFinalPriceConfirmationPage" time="0.0">
    <ignored/>
  </testcase> <!-- validateFinalPriceConfirmationPage -->
  <testcase classname="com.Hotel.qa.testcases.BookingConfirmationPageTest" name="validatechkinDateBConfirmationPage" time="0.0">
    <ignored/>
  </testcase> <!-- validatechkinDateBConfirmationPage -->
  <testcase classname="com.Hotel.qa.testcases.BookingConfirmationPageTest" name="validatechkOutDateBConfirmationPage" time="0.0">
    <ignored/>
  </testcase> <!-- validatechkOutDateBConfirmationPage -->
  <testcase classname="com.Hotel.qa.testcases.BookingConfirmationPageTest" name="validateTotalRoomsConfirmationPage" time="0.0">
    <ignored/>
  </testcase> <!-- validateTotalRoomsConfirmationPage -->
  <testcase classname="com.Hotel.qa.testcases.BookingConfirmationPageTest" name="validateTotalAdultsConfirmationPage" time="0.0">
    <ignored/>
  </testcase> <!-- validateTotalAdultsConfirmationPage -->
  <testcase classname="com.Hotel.qa.testcases.BookingConfirmationPageTest" name="validateTotalChildrenConfirmationPage" time="0.0">
    <ignored/>
  </testcase> <!-- validateTotalChildrenConfirmationPage -->
  <testcase classname="com.Hotel.qa.testcases.BookingConfirmationPageTest" name="validateTotalDaysConfirmationPage" time="0.0">
    <ignored/>
  </testcase> <!-- validateTotalDaysConfirmationPage -->
  <testcase classname="com.Hotel.qa.testcases.BookingConfirmationPageTest" name="validateHotelNameinBConfirmationPage" time="0.0">
    <ignored/>
  </testcase> <!-- validateHotelNameinBConfirmationPage -->
</testsuite> <!-- Default test -->
