<?xml version="1.0" encoding="UTF-8"?>
<testsuite xmlns:xsi="http://www.w3.org/2001/XMLSchema-instance" xsi:noNamespaceSchemaLocation="https://maven.apache.org/surefire/maven-surefire-plugin/xsd/surefire-test-report.xsd" name="TestSuite" time="108.594" tests="3" errors="0" skipped="0" failures="0">
  <properties>
[...]
</properties>
  <testcase name="imgExistsTest" classname="com.freecrm.qa.testcases.LoginPageTest" time="0.305"/>
  <testcase name="loginPageTitleTest" classname="com.freecrm.qa.testcases.LoginPageTest" time="0.062"/>
  <testcase name="loginTest" classname="com.freecrm.qa.testcases.LoginPageTest" time="11.12"/>
</testsuite>