<?xml version="1.0" encoding="UTF-8"?>
<testng-results ignored="0" total="3" passed="3" failed="0" skipped="0">
  <reporter-output>
  </reporter-output>
  <suite started-at="2020-10-23T17:40:42Z" name="crm regrssion suite" finished-at="2020-10-23T17:42:26Z" duration-ms="103512">
    <groups>
    </groups>
    <test started-at="2020-10-23T17:40:42Z" name="crm regression" finished-at="2020-10-23T17:42:26Z" duration-ms="103512">
      <class name="com.freecrm.qa.testcases.LoginPageTest">
        <test-method is-config="true" signature="setExtent()[pri:0, instance:com.freecrm.qa.testcases.LoginPageTest@2c78d320]" started-at="2020-10-23T17:40:42Z" name="setExtent" finished-at="2020-10-23T17:40:43Z" duration-ms="597" status="PASS">
          <reporter-output>
          </reporter-output>
        </test-method> <!-- setExtent -->
        <test-method is-config="true" signature="setUp()[pri:0, instance:com.freecrm.qa.testcases.LoginPageTest@2c78d320]" started-at="2020-10-23T17:40:43Z" name="setUp" finished-at="2020-10-23T17:41:12Z" duration-ms="29401" status="PASS">
          <reporter-output>
          </reporter-output>
        </test-method> <!-- setUp -->
        <test-method signature="imgExistsTest()[pri:0, instance:com.freecrm.qa.testcases.LoginPageTest@2c78d320]" started-at="2020-10-23T17:41:12Z" name="imgExistsTest" finished-at="2020-10-23T17:41:13Z" duration-ms="304" status="PASS">
          <reporter-output>
          </reporter-output>
        </test-method> <!-- imgExistsTest -->
        <test-method is-config="true" signature="tearDown(org.testng.ITestResult)[pri:0, instance:com.freecrm.qa.testcases.LoginPageTest@2c78d320]" started-at="2020-10-23T17:41:13Z" name="tearDown" finished-at="2020-10-23T17:41:15Z" duration-ms="2081" status="PASS">
          <params>
            <param index="0">
              <value>
                <![CDATA[[TestResult name=imgExistsTest status=SUCCESS method=LoginPageTest.imgExistsTest()[pri:0, instance:com.freecrm.qa.testcases.LoginPageTest@2c78d320] output={null}]]]>
              </value>
            </param>
          </params>
          <reporter-output>
          </reporter-output>
        </test-method> <!-- tearDown -->
        <test-method is-config="true" signature="setUp()[pri:0, instance:com.freecrm.qa.testcases.LoginPageTest@2c78d320]" started-at="2020-10-23T17:41:15Z" name="setUp" finished-at="2020-10-23T17:41:50Z" duration-ms="35256" status="PASS">
          <reporter-output>
          </reporter-output>
        </test-method> <!-- setUp -->
        <test-method signature="loginPageTitleTest()[pri:0, instance:com.freecrm.qa.testcases.LoginPageTest@2c78d320]" started-at="2020-10-23T17:41:50Z" name="loginPageTitleTest" finished-at="2020-10-23T17:41:50Z" duration-ms="68" status="PASS">
          <reporter-output>
          </reporter-output>
        </test-method> <!-- loginPageTitleTest -->
        <test-method is-config="true" signature="tearDown(org.testng.ITestResult)[pri:0, instance:com.freecrm.qa.testcases.LoginPageTest@2c78d320]" started-at="2020-10-23T17:41:50Z" name="tearDown" finished-at="2020-10-23T17:41:51Z" duration-ms="763" status="PASS">
          <params>
            <param index="0">
              <value>
                <![CDATA[[TestResult name=loginPageTitleTest status=SUCCESS method=LoginPageTest.loginPageTitleTest()[pri:0, instance:com.freecrm.qa.testcases.LoginPageTest@2c78d320] output={null}]]]>
              </value>
            </param>
          </params>
          <reporter-output>
          </reporter-output>
        </test-method> <!-- tearDown -->
        <test-method is-config="true" signature="setUp()[pri:0, instance:com.freecrm.qa.testcases.LoginPageTest@2c78d320]" started-at="2020-10-23T17:41:51Z" name="setUp" finished-at="2020-10-23T17:42:13Z" duration-ms="21727" status="PASS">
          <reporter-output>
          </reporter-output>
        </test-method> <!-- setUp -->
        <test-method signature="loginTest()[pri:0, instance:com.freecrm.qa.testcases.LoginPageTest@2c78d320]" started-at="2020-10-23T17:42:13Z" name="loginTest" finished-at="2020-10-23T17:42:24Z" duration-ms="11119" status="PASS">
          <reporter-output>
          </reporter-output>
        </test-method> <!-- loginTest -->
        <test-method is-config="true" signature="tearDown(org.testng.ITestResult)[pri:0, instance:com.freecrm.qa.testcases.LoginPageTest@2c78d320]" started-at="2020-10-23T17:42:24Z" name="tearDown" finished-at="2020-10-23T17:42:24Z" duration-ms="725" status="PASS">
          <params>
            <param index="0">
              <value>
                <![CDATA[[TestResult name=loginTest status=SUCCESS method=LoginPageTest.loginTest()[pri:0, instance:com.freecrm.qa.testcases.LoginPageTest@2c78d320] output={null}]]]>
              </value>
            </param>
          </params>
          <reporter-output>
          </reporter-output>
        </test-method> <!-- tearDown -->
        <test-method is-config="true" signature="endReport()[pri:0, instance:com.freecrm.qa.testcases.LoginPageTest@2c78d320]" started-at="2020-10-23T17:42:24Z" name="endReport" finished-at="2020-10-23T17:42:26Z" duration-ms="1415" status="PASS">
          <reporter-output>
          </reporter-output>
        </test-method> <!-- endReport -->
      </class> <!-- com.freecrm.qa.testcases.LoginPageTest -->
    </test> <!-- crm regression -->
  </suite> <!-- crm regrssion suite -->
</testng-results>
