<?xml version="1.0" encoding="UTF-8"?>
<!-- Generated by org.testng.reporters.JUnitXMLReporter -->
<testsuite ignored="0" hostname="GOPALNAMASIVAYA" failures="0" tests="3" name="crm regression" time="103.512" errors="0" timestamp="23 Oct 2020 17:42:26 GMT">
  <testcase classname="com.freecrm.qa.testcases.LoginPageTest" name="imgExistsTest" time="0.304"/>
  <testcase classname="com.freecrm.qa.testcases.LoginPageTest" name="loginPageTitleTest" time="0.068"/>
  <testcase classname="com.freecrm.qa.testcases.LoginPageTest" name="loginTest" time="11.119"/>
</testsuite> <!-- crm regression -->
